# JRE version: Java(TM) SE Runtime Environment (13.0.2+8) (build 13.0.2+8)
# Java VM: Java HotSpot(TM) 64-Bit Server VM (13.0.2+8, mixed mode, sharing, tiered, compressed oops, g1 gc, windows-amd64)
Heap:
 garbage-first heap   total 48128K, used 15612K [0x0000000082200000, 0x0000000100000000)
  region size 1024K, 8 young (8192K), 3 survivors (3072K)
 Metaspace       used 21073K, capacity 21467K, committed 21808K, reserved 1069056K
  class space    used 2395K, capacity 2601K, committed 2688K, reserved 1048576K
GC Heap History (6 events):
Event: 0.900 GC heap before
{Heap before GC invocations=0 (full 0):
 garbage-first heap   total 129024K, used 23552K [0x0000000082200000, 0x0000000100000000)
  region size 1024K, 24 young (24576K), 0 survivors (0K)
 Metaspace       used 18320K, capacity 18701K, committed 18816K, reserved 1064960K
  class space    used 2193K, capacity 2363K, committed 2432K, reserved 1048576K
}
Event: 0.908 GC heap after
{Heap after GC invocations=1 (full 0):
 garbage-first heap   total 129024K, used 6662K [0x0000000082200000, 0x0000000100000000)
  region size 1024K, 3 young (3072K), 3 survivors (3072K)
 Metaspace       used 18320K, capacity 18701K, committed 18816K, reserved 1064960K
  class space    used 2193K, capacity 2363K, committed 2432K, reserved 1048576K
}
Event: 1.005 GC heap before
{Heap before GC invocations=1 (full 0):
 garbage-first heap   total 129024K, used 9734K [0x0000000082200000, 0x0000000100000000)
  region size 1024K, 6 young (6144K), 3 survivors (3072K)
 Metaspace       used 18869K, capacity 19246K, committed 19328K, reserved 1067008K
  class space    used 2246K, capacity 2395K, committed 2432K, reserved 1048576K
}
Event: 1.008 GC heap after
{Heap after GC invocations=2 (full 0):
 garbage-first heap   total 129024K, used 7848K [0x0000000082200000, 0x0000000100000000)
  region size 1024K, 1 young (1024K), 1 survivors (1024K)
 Metaspace       used 18869K, capacity 19246K, committed 19328K, reserved 1067008K
  class space    used 2246K, capacity 2395K, committed 2432K, reserved 1048576K
}
Event: 2.789 GC heap before
{Heap before GC invocations=2 (full 0):
 garbage-first heap   total 129024K, used 19112K [0x0000000082200000, 0x0000000100000000)
  region size 1024K, 11 young (11264K), 1 survivors (1024K)
 Metaspace       used 20749K, capacity 21112K, committed 21296K, reserved 1069056K
  class space    used 2393K, capacity 2568K, committed 2688K, reserved 1048576K
}
Event: 2.791 GC heap after
{Heap after GC invocations=3 (full 0):
 garbage-first heap   total 129024K, used 11516K [0x0000000082200000, 0x0000000100000000)
  region size 1024K, 3 young (3072K), 3 survivors (3072K)
 Metaspace       used 20749K, capacity 21112K, committed 21296K, reserved 1069056K
  class space    used 2393K, capacity 2568K, committed 2688K, reserved 1048576K
}

